<?xml version="1.0" encoding="UTF-8"?>
<!-- Generated by org.testng.reporters.JUnitReportReporter -->
<testsuite skipped="0" hostname="DESKTOP-QLSV19P" name="Tests.RegisterationTest" tests="1" failures="0" timestamp="2020-06-27T23:24:02 EET" time="11.555" errors="0">
  <testcase name="UserCanRegisterSuccssfully" time="11.555" classname="Tests.RegisterationTest"/>
  <system-out>
The GoCardi Website is Opened Successfully The Language is Changed Successfully The Regiseration Page is Opened Successfully The User is Registered Successfully Into The GoCardi The User is Forgetten the last name value and validation mesage appears  </system-out>
</testsuite> <!-- Tests.RegisterationTest -->
